0 info it worked if it ends with ok
1 verbose cli [ 'C:\\Program Files\\nodejs\\node.exe',
1 verbose cli   'C:\\Program Files\\nodejs\\node_modules\\npm\\bin\\npm-cli.js',
1 verbose cli   'run',
1 verbose cli   'build' ]
2 info using npm@3.10.10
3 info using node@v6.11.3
4 verbose run-script [ 'prebuild', 'build', 'postbuild' ]
5 info lifecycle my-app@~prebuild: my-app@
6 silly lifecycle my-app@~prebuild: no script for prebuild, continuing
7 info lifecycle my-app@~build: my-app@
8 verbose lifecycle my-app@~build: unsafe-perm in lifecycle true
9 verbose lifecycle my-app@~build: PATH: C:\Program Files\nodejs\node_modules\npm\bin\node-gyp-bin;C:\My Files\kanapka2\test\.nuxt\node_modules\.bin;C:\Program Files (x86)\Intel\iCLS Client\;C:\Program Files\Intel\iCLS Client\;C:\ProgramData\Oracle\Java\javapath;C:\Windows\system32;C:\Windows;C:\Windows\System32\Wbem;C:\Windows\System32\WindowsPowerShell\v1.0\;C:\Program Files (x86)\NVIDIA Corporation\PhysX\Common;C:\Windows\system32\config\systemprofile\.dnx\bin;C:\Program Files\Microsoft DNX\Dnvm\;C:\Program Files (x86)\Windows Kits\8.1\Windows Performance Toolkit\;C:\Program Files\Microsoft SQL Server\120\Tools\Binn\;C:\Program Files\Microsoft SQL Server\130\Tools\Binn\;C:\Program Files (x86)\Intel\Intel(R) Management Engine Components\DAL;C:\Program Files\Intel\Intel(R) Management Engine Components\DAL;C:\Program Files (x86)\Intel\Intel(R) Management Engine Components\IPT;C:\Program Files\Intel\Intel(R) Management Engine Components\IPT;C:\Program Files (x86)\GitExtensions\;C:\Program Files\PuTTY\;C:\Program Files\nodejs\;C:\Program Files (x86)\OpenSSH\bin;C:\Program Files\Git\cmd;C:\Program Files (x86)\get_iplayer;C:\Ruby24-x64\bin;C:\Users\precl\AppData\Local\Microsoft\WindowsApps;C:\Users\precl\AppData\Local\atom\bin;C:\Users\precl\AppData\Local\.meteor\;C:\Users\precl\AppData\Roaming\npm
10 verbose lifecycle my-app@~build: CWD: C:\My Files\kanapka2\test\.nuxt
11 silly lifecycle my-app@~build: Args: [ '/d /s /c', 'nuxt build' ]
12 silly lifecycle my-app@~build: Returned: code: 1  signal: null
13 info lifecycle my-app@~build: Failed to exec build script
14 verbose stack Error: my-app@ build: `nuxt build`
14 verbose stack Exit status 1
14 verbose stack     at EventEmitter.<anonymous> (C:\Program Files\nodejs\node_modules\npm\lib\utils\lifecycle.js:255:16)
14 verbose stack     at emitTwo (events.js:106:13)
14 verbose stack     at EventEmitter.emit (events.js:191:7)
14 verbose stack     at ChildProcess.<anonymous> (C:\Program Files\nodejs\node_modules\npm\lib\utils\spawn.js:40:14)
14 verbose stack     at emitTwo (events.js:106:13)
14 verbose stack     at ChildProcess.emit (events.js:191:7)
14 verbose stack     at maybeClose (internal/child_process.js:920:16)
14 verbose stack     at Process.ChildProcess._handle.onexit (internal/child_process.js:230:5)
15 verbose pkgid my-app@
16 verbose cwd C:\My Files\kanapka2\test\.nuxt
17 error Windows_NT 10.0.15063
18 error argv "C:\\Program Files\\nodejs\\node.exe" "C:\\Program Files\\nodejs\\node_modules\\npm\\bin\\npm-cli.js" "run" "build"
19 error node v6.11.3
20 error npm  v3.10.10
21 error code ELIFECYCLE
22 error my-app@ build: `nuxt build`
22 error Exit status 1
23 error Failed at the my-app@ build script 'nuxt build'.
23 error Make sure you have the latest version of node.js and npm installed.
23 error If you do, this is most likely a problem with the my-app package,
23 error not with npm itself.
23 error Tell the author that this fails on your system:
23 error     nuxt build
23 error You can get information on how to open an issue for this project with:
23 error     npm bugs my-app
23 error Or if that isn't available, you can get their info via:
23 error     npm owner ls my-app
23 error There is likely additional logging output above.
24 verbose exit [ 1, true ]
